2026-04-21T08:39:08.768+08:00  INFO 222980 --- [telegram-media-downloader] [main] c.t.TelegramMediaDownloaderApplication   : Starting TelegramMediaDownloaderApplication using Java 17.0.9 with PID 222980 (G:\workSpace\telegram-media-downloader-java\backend\target\classes started by lones in G:\workSpace\telegram-media-downloader-java\backend)
2026-04-21T08:39:08.774+08:00 DEBUG 222980 --- [telegram-media-downloader] [main] c.t.TelegramMediaDownloaderApplication   : Running with Spring Boot v3.2.5, Spring v6.1.6
2026-04-21T08:39:08.775+08:00  INFO 222980 --- [telegram-media-downloader] [main] c.t.TelegramMediaDownloaderApplication   : No active profile set, falling back to 1 default profile: "default"
2026-04-21T08:39:09.594+08:00  INFO 222980 --- [telegram-media-downloader] [main] .s.d.r.c.RepositoryConfigurationDelegate : Multiple Spring Data modules found, entering strict repository configuration mode
2026-04-21T08:39:09.596+08:00  INFO 222980 --- [telegram-media-downloader] [main] .s.d.r.c.RepositoryConfigurationDelegate : Bootstrapping Spring Data JPA repositories in DEFAULT mode.
2026-04-21T08:39:09.833+08:00  INFO 222980 --- [telegram-media-downloader] [main] .s.d.r.c.RepositoryConfigurationDelegate : Finished Spring Data repository scanning in 229 ms. Found 4 JPA repository interfaces.
2026-04-21T08:39:09.852+08:00  INFO 222980 --- [telegram-media-downloader] [main] .s.d.r.c.RepositoryConfigurationDelegate : Multiple Spring Data modules found, entering strict repository configuration mode
2026-04-21T08:39:09.853+08:00  INFO 222980 --- [telegram-media-downloader] [main] .s.d.r.c.RepositoryConfigurationDelegate : Bootstrapping Spring Data Redis repositories in DEFAULT mode.
2026-04-21T08:39:09.870+08:00  INFO 222980 --- [telegram-media-downloader] [main] .RepositoryConfigurationExtensionSupport : Spring Data Redis - Could not safely identify store assignment for repository candidate interface com.tgdownloader.repository.ChatConfigRepository; If you want this repository to be a Redis repository, consider annotating your entities with one of these annotations: org.springframework.data.redis.core.RedisHash (preferred), or consider extending one of the following types with your repository: org.springframework.data.keyvalue.repository.KeyValueRepository
2026-04-21T08:39:09.870+08:00  INFO 222980 --- [telegram-media-downloader] [main] .RepositoryConfigurationExtensionSupport : Spring Data Redis - Could not safely identify store assignment for repository candidate interface com.tgdownloader.repository.DownloadTaskRepository; If you want this repository to be a Redis repository, consider annotating your entities with one of these annotations: org.springframework.data.redis.core.RedisHash (preferred), or consider extending one of the following types with your repository: org.springframework.data.keyvalue.repository.KeyValueRepository
2026-04-21T08:39:09.871+08:00  INFO 222980 --- [telegram-media-downloader] [main] .RepositoryConfigurationExtensionSupport : Spring Data Redis - Could not safely identify store assignment for repository candidate interface com.tgdownloader.repository.ForwardTaskRepository; If you want this repository to be a Redis repository, consider annotating your entities with one of these annotations: org.springframework.data.redis.core.RedisHash (preferred), or consider extending one of the following types with your repository: org.springframework.data.keyvalue.repository.KeyValueRepository
2026-04-21T08:39:09.871+08:00  INFO 222980 --- [telegram-media-downloader] [main] .RepositoryConfigurationExtensionSupport : Spring Data Redis - Could not safely identify store assignment for repository candidate interface com.tgdownloader.repository.TelegramConfigRepository; If you want this repository to be a Redis repository, consider annotating your entities with one of these annotations: org.springframework.data.redis.core.RedisHash (preferred), or consider extending one of the following types with your repository: org.springframework.data.keyvalue.repository.KeyValueRepository
2026-04-21T08:39:09.871+08:00  INFO 222980 --- [telegram-media-downloader] [main] .s.d.r.c.RepositoryConfigurationDelegate : Finished Spring Data repository scanning in 7 ms. Found 0 Redis repository interfaces.
2026-04-21T08:39:10.760+08:00  INFO 222980 --- [telegram-media-downloader] [main] o.s.b.w.embedded.tomcat.TomcatWebServer  : Tomcat initialized with port 8080 (http)
2026-04-21T08:39:10.771+08:00  INFO 222980 --- [telegram-media-downloader] [main] o.apache.catalina.core.StandardService   : Starting service [Tomcat]
2026-04-21T08:39:10.772+08:00  INFO 222980 --- [telegram-media-downloader] [main] o.apache.catalina.core.StandardEngine    : Starting Servlet engine: [Apache Tomcat/10.1.20]
2026-04-21T08:39:10.845+08:00  INFO 222980 --- [telegram-media-downloader] [main] o.a.c.c.C.[Tomcat].[localhost].[/]       : Initializing Spring embedded WebApplicationContext
2026-04-21T08:39:10.846+08:00  INFO 222980 --- [telegram-media-downloader] [main] w.s.c.ServletWebServerApplicationContext : Root WebApplicationContext: initialization completed in 2031 ms
2026-04-21T08:39:10.880+08:00  INFO 222980 --- [telegram-media-downloader] [main] com.zaxxer.hikari.HikariDataSource       : HikariPool-1 - Starting...
2026-04-21T08:39:15.290+08:00  INFO 222980 --- [telegram-media-downloader] [main] com.zaxxer.hikari.pool.HikariPool        : HikariPool-1 - Added connection conn1: url=jdbc:h2:file:./data/tgdownloader user=SA
2026-04-21T08:39:15.291+08:00  INFO 222980 --- [telegram-media-downloader] [main] com.zaxxer.hikari.HikariDataSource       : HikariPool-1 - Start completed.
2026-04-21T08:39:15.302+08:00  INFO 222980 --- [telegram-media-downloader] [main] o.s.b.a.h2.H2ConsoleAutoConfiguration    : H2 console available at '/h2-console'. Database available at 'jdbc:h2:file:./data/tgdownloader'
2026-04-21T08:39:15.323+08:00  WARN 222980 --- [telegram-media-downloader] [main] .s.s.UserDetailsServiceAutoConfiguration : 

Using generated security password: 33ae4632-72ff-400d-89dd-c504ea8a0a3e

This generated password is for development use only. Your security configuration must be updated before running your application in production.

2026-04-21T08:39:15.364+08:00 DEBUG 222980 --- [telegram-media-downloader] [main] c.t.config.jwt.JwtAuthenticationFilter   : Filter 'jwtAuthenticationFilter' configured for use
2026-04-21T08:39:15.437+08:00  INFO 222980 --- [telegram-media-downloader] [main] o.hibernate.jpa.internal.util.LogHelper  : HHH000204: Processing PersistenceUnitInfo [name: default]
2026-04-21T08:39:15.498+08:00  INFO 222980 --- [telegram-media-downloader] [main] org.hibernate.Version                    : HHH000412: Hibernate ORM core version 6.4.4.Final
2026-04-21T08:39:15.530+08:00  INFO 222980 --- [telegram-media-downloader] [main] o.h.c.internal.RegionFactoryInitiator    : HHH000026: Second-level cache disabled
2026-04-21T08:39:15.753+08:00  INFO 222980 --- [telegram-media-downloader] [main] o.s.o.j.p.SpringPersistenceUnitInfo      : No LoadTimeWeaver setup: ignoring JPA class transformer
2026-04-21T08:39:15.806+08:00  WARN 222980 --- [telegram-media-downloader] [main] org.hibernate.orm.deprecation            : HHH90000025: H2Dialect does not need to be specified explicitly using 'hibernate.dialect' (remove the property setting and it will be selected by default)
2026-04-21T08:39:17.025+08:00  INFO 222980 --- [telegram-media-downloader] [main] o.h.e.t.j.p.i.JtaPlatformInitiator       : HHH000489: No JTA platform available (set 'hibernate.transaction.jta.platform' to enable JTA platform integration)
2026-04-21T08:39:17.120+08:00  INFO 222980 --- [telegram-media-downloader] [main] j.LocalContainerEntityManagerFactoryBean : Initialized JPA EntityManagerFactory for persistence unit 'default'
2026-04-21T08:39:17.443+08:00  INFO 222980 --- [telegram-media-downloader] [main] c.t.service.TelegramClientService        : TelegramClientService │§╩╝╗»
2026-04-21T08:39:17.518+08:00  INFO 222980 --- [telegram-media-downloader] [main] c.t.service.CloudDriveService            : CloudDriveService │§╩╝╗»ú¼╩╩┼õã¸: rclone, ã¶Ë├: false
2026-04-21T08:39:17.552+08:00  WARN 222980 --- [telegram-media-downloader] [main] JpaBaseConfiguration$JpaWebConfiguration : spring.jpa.open-in-view is enabled by default. Therefore, database queries may be performed during view rendering. Explicitly configure spring.jpa.open-in-view to disable this warning
2026-04-21T08:39:17.871+08:00  INFO 222980 --- [telegram-media-downloader] [main] o.s.s.web.DefaultSecurityFilterChain     : Will secure any request with [org.springframework.security.web.session.DisableEncodeUrlFilter@150eab74, org.springframework.security.web.context.request.async.WebAsyncManagerIntegrationFilter@4d2dc60, org.springframework.security.web.context.SecurityContextHolderFilter@2cbb9702, org.springframework.security.web.header.HeaderWriterFilter@179dc2, org.springframework.web.filter.CorsFilter@43f670f3, org.springframework.security.web.authentication.logout.LogoutFilter@4528a8bf, org.springframework.security.web.savedrequest.RequestCacheAwareFilter@1da77a43, org.springframework.security.web.servletapi.SecurityContextHolderAwareRequestFilter@63604641, org.springframework.security.web.authentication.AnonymousAuthenticationFilter@6311640d, org.springframework.security.web.access.ExceptionTranslationFilter@3cd3cf6b, org.springframework.security.web.access.intercept.AuthorizationFilter@5f49c09d]
2026-04-21T08:39:18.393+08:00  INFO 222980 --- [telegram-media-downloader] [main] o.s.b.w.embedded.tomcat.TomcatWebServer  : Tomcat started on port 8080 (http) with context path ''
2026-04-21T08:39:18.395+08:00  INFO 222980 --- [telegram-media-downloader] [main] o.s.m.s.b.SimpleBrokerMessageHandler     : Starting...
2026-04-21T08:39:18.396+08:00  INFO 222980 --- [telegram-media-downloader] [main] o.s.m.s.b.SimpleBrokerMessageHandler     : BrokerAvailabilityEvent[available=true, SimpleBrokerMessageHandler [org.springframework.messaging.simp.broker.DefaultSubscriptionRegistry@ed6d97f]]
2026-04-21T08:39:18.397+08:00  INFO 222980 --- [telegram-media-downloader] [main] o.s.m.s.b.SimpleBrokerMessageHandler     : Started.
2026-04-21T08:39:18.405+08:00  INFO 222980 --- [telegram-media-downloader] [main] c.t.TelegramMediaDownloaderApplication   : Started TelegramMediaDownloaderApplication in 10.05 seconds (process running for 11.105)
2026-04-21T08:39:18.408+08:00  INFO 222980 --- [telegram-media-downloader] [main] c.t.config.AutoLoginInitializer          : ========== Startup init check ==========
2026-04-21T08:39:18.537+08:00  INFO 222980 --- [telegram-media-downloader] [main] c.t.config.AutoLoginInitializer          : No Telegram session dir G:\workSpace\telegram-media-downloader-java\backend\tdlib_db, skip auto-login
2026-04-21T08:39:18.537+08:00  INFO 222980 --- [telegram-media-downloader] [main] c.t.config.AutoLoginInitializer          : Detected Bot Token, trying auto-connect...
2026-04-21T08:39:20.571+08:00  INFO 222980 --- [telegram-media-downloader] [BotAutoLogin] it.tdlight.TelegramClient                : Registered new client 1
2026-04-21T08:39:20.573+08:00  INFO 222980 --- [telegram-media-downloader] [BotAutoLogin] c.t.config.AutoLoginInitializer          : Bot auto-connect done, connected: true
2026-04-21T08:39:20.595+08:00  INFO 222980 --- [telegram-media-downloader] [TDLib thread] c.tgdownloader.service.BotClientService  : Bot ┴¼¢Ë│╔╣ª
2026-04-21T08:39:48.776+08:00  WARN 222980 --- [telegram-media-downloader] [ResumeTasks] c.t.config.AutoLoginInitializer          : Telegram connection timeout, skip init
2026-04-21T08:39:58.302+08:00  INFO 222980 --- [telegram-media-downloader] [http-nio-8080-exec-1] o.a.c.c.C.[Tomcat].[localhost].[/]       : Initializing Spring DispatcherServlet 'dispatcherServlet'
2026-04-21T08:39:58.302+08:00  INFO 222980 --- [telegram-media-downloader] [http-nio-8080-exec-1] o.s.web.servlet.DispatcherServlet        : Initializing Servlet 'dispatcherServlet'
2026-04-21T08:39:58.304+08:00  INFO 222980 --- [telegram-media-downloader] [http-nio-8080-exec-1] o.s.web.servlet.DispatcherServlet        : Completed initialization in 2 ms
2026-04-21T08:40:18.388+08:00  INFO 222980 --- [telegram-media-downloader] [MessageBroker-1] o.s.w.s.c.WebSocketMessageBrokerStats    : WebSocketSession[0 current WS(0)-HttpStream(0)-HttpPoll(0), 0 total, 0 closed abnormally (0 connect failure, 0 send limit, 0 transport error)], stompSubProtocol[processed CONNECT(0)-CONNECTED(0)-DISCONNECT(0)], stompBrokerRelay[null], inboundChannel[pool size = 0, active threads = 0, queued tasks = 0, completed tasks = 0], outboundChannel[pool size = 0, active threads = 0, queued tasks = 0, completed tasks = 0], sockJsScheduler[pool size = 1, active threads = 1, queued tasks = 0, completed tasks = 0]
